<?xml version="1.0" encoding="UTF-8"?>
<!-- Generated by org.testng.reporters.JUnitReportReporter -->
<testsuite hostname="DESKTOP-6G4HCK3" name="com.learnautomation.slenium.DemoForMaven" tests="4" failures="0" timestamp="4 Dec 2018 07:29:30 GMT" time="0.026" errors="0">
  <testcase name="DIV" time="0.016" classname="com.learnautomation.slenium.DemoForMaven"/>
  <testcase name="Sum" time="0.005" classname="com.learnautomation.slenium.DemoForMaven"/>
  <testcase name="Sub" time="0.002" classname="com.learnautomation.slenium.DemoForMaven"/>
  <testcase name="testHello" time="0.003" classname="com.learnautomation.slenium.DemoForMaven"/>
</testsuite> <!-- com.learnautomation.slenium.DemoForMaven -->
